<?xml version="1.0" encoding="UTF-8"?>
<testsuite xmlns:xsi="http://www.w3.org/2001/XMLSchema-instance" xsi:noNamespaceSchemaLocation="https://maven.apache.org/surefire/maven-surefire-plugin/xsd/surefire-test-report.xsd" name="com.greencommute.jobmanagementservice.persistence.details.JobRepositoryTest" time="0.199" tests="3" errors="0" skipped="0" failures="0">
  <properties>
[...]
</properties>
  <testcase name="testFindJobById" classname="com.greencommute.jobmanagementservice.persistence.details.JobRepositoryTest" time="0.107"/>
  <testcase name="testFindAllJobs" classname="com.greencommute.jobmanagementservice.persistence.details.JobRepositoryTest" time="0.048"/>
  <testcase name="testFindAllJobsNullFilter" classname="com.greencommute.jobmanagementservice.persistence.details.JobRepositoryTest" time="0.008"/>
</testsuite>